<<<<<<< Updated upstream
{"message":"load data from database and update cache","level":"info","timestamp":"2021-03-02T12:14:14.392Z"}
{"message":"load data from database and update cache","level":"info","timestamp":"2021-03-02T12:14:35.423Z"}
{"message":"load data from database and update cache","level":"info","timestamp":"2021-03-02T12:16:35.038Z"}
{"message":"fetch data from cache","level":"info","timestamp":"2021-03-02T12:17:19.974Z"}
{"message":"fetch data from cache","level":"info","timestamp":"2021-03-02T12:18:15.224Z"}
{"message":"fetch data from cache","level":"info","timestamp":"2021-03-02T12:18:19.545Z"}
{"message":"fetch data from cache","level":"info","timestamp":"2021-03-02T12:18:31.479Z"}
=======
{"message":"load data from database","level":"info","timestamp":"2021-03-01T13:08:27.514Z"}
{"message":"load data from database","level":"info","timestamp":"2021-03-01T16:58:24.805Z"}
{"message":"fetch data from cache","level":"info","timestamp":"2021-03-01T16:58:48.858Z"}
{"message":"fetch data from cache","level":"info","timestamp":"2021-03-01T16:59:22.499Z"}
{"message":"fetch data from cache","level":"info","timestamp":"2021-03-01T17:02:22.607Z"}
{"message":"fetch data from cache","level":"info","timestamp":"2021-03-01T17:03:26.373Z"}
{"message":"fetch data from cache","level":"info","timestamp":"2021-03-01T17:09:34.651Z"}
{"message":"fetch data from cache","level":"info","timestamp":"2021-03-01T17:10:45.379Z"}
{"message":"fetch data from cache","level":"info","timestamp":"2021-03-01T17:15:14.422Z"}
{"message":"fetch data from cache","level":"info","timestamp":"2021-03-01T17:15:54.912Z"}
{"message":"load data from database","level":"info","timestamp":"2021-03-01T17:30:33.322Z"}
{"message":"fetch data from cache","level":"info","timestamp":"2021-03-01T17:38:30.828Z"}
{"message":"fetch data from cache","level":"info","timestamp":"2021-03-01T17:47:38.197Z"}
{"message":"fetch data from cache","level":"info","timestamp":"2021-03-01T17:50:08.807Z"}
{"message":"fetch data from cache","level":"info","timestamp":"2021-03-01T17:53:19.723Z"}
{"message":"fetch data from cache","level":"info","timestamp":"2021-03-01T17:57:09.239Z"}
{"message":"fetch data from cache","level":"info","timestamp":"2021-03-01T17:59:13.552Z"}
{"message":"fetch data from cache","level":"info","timestamp":"2021-03-01T18:04:58.955Z"}
{"message":"fetch data from cache","level":"info","timestamp":"2021-03-01T18:06:46.808Z"}
{"message":"fetch data from cache","level":"info","timestamp":"2021-03-01T18:11:07.920Z"}
{"message":"fetch data from cache","level":"info","timestamp":"2021-03-01T18:12:14.721Z"}
{"message":"load data from database","level":"info","timestamp":"2021-03-01T18:51:18.658Z"}
{"message":"fetch data from cache","level":"info","timestamp":"2021-03-01T18:51:50.956Z"}
>>>>>>> Stashed changes
{"message":"first time load data from database","level":"info","timestamp":"2021-03-02T12:32:23.764Z"}
{"message":"load data from database and update cache","level":"info","timestamp":"2021-03-02T12:32:50.507Z"}
{"message":"load data from database and update cache","level":"info","timestamp":"2021-03-02T12:33:11.907Z"}
{"message":"fetch data from cache","level":"info","timestamp":"2021-03-02T12:33:57.063Z"}
{"message":"load data from database and update cache","level":"info","timestamp":"2021-03-02T12:35:24.131Z"}
{"message":"fetch data from cache","level":"info","timestamp":"2021-03-02T12:38:00.732Z"}
{"message":"fetch data from cache","level":"info","timestamp":"2021-03-02T12:45:16.305Z"}
{"message":"load data from database and update cache","level":"info","timestamp":"2021-03-02T12:45:25.904Z"}
{"message":"load data from database and update cache","level":"info","timestamp":"2021-03-02T12:45:39.652Z"}
{"message":"load data from database and update cache","level":"info","timestamp":"2021-03-02T12:46:54.126Z"}
{"message":"fetch data from cache","level":"info","timestamp":"2021-03-02T12:47:01.118Z"}
{"message":"fetch data from cache","level":"info","timestamp":"2021-03-02T12:47:49.122Z"}
{"message":"fetch data from cache","level":"info","timestamp":"2021-03-02T12:48:02.124Z"}
{"message":"fetch data from cache","level":"info","timestamp":"2021-03-02T12:48:26.120Z"}
{"message":"fetch data from cache","level":"info","timestamp":"2021-03-02T12:48:48.369Z"}
{"message":"fetch data from cache","level":"info","timestamp":"2021-03-02T12:51:05.350Z"}
{"message":"fetch data from cache","level":"info","timestamp":"2021-03-02T12:51:10.127Z"}
{"message":"fetch data from cache","level":"info","timestamp":"2021-03-02T12:51:11.115Z"}
{"message":"fetch data from cache","level":"info","timestamp":"2021-03-02T12:51:20.161Z"}
{"message":"fetch data from cache","level":"info","timestamp":"2021-03-02T12:51:21.117Z"}
{"message":"fetch data from cache","level":"info","timestamp":"2021-03-02T12:51:52.198Z"}
{"message":"fetch data from cache","level":"info","timestamp":"2021-03-02T12:52:02.273Z"}
{"message":"fetch data from cache","level":"info","timestamp":"2021-03-02T12:52:06.229Z"}
{"message":"fetch data from cache","level":"info","timestamp":"2021-03-02T12:52:11.050Z"}
{"message":"fetch data from cache","level":"info","timestamp":"2021-03-02T12:52:27.211Z"}
{"message":"fetch data from cache","level":"info","timestamp":"2021-03-02T12:52:44.229Z"}
{"message":"fetch data from cache","level":"info","timestamp":"2021-03-02T12:52:59.239Z"}
{"message":"fetch data from cache","level":"info","timestamp":"2021-03-02T12:53:04.826Z"}
{"message":"fetch data from cache","level":"info","timestamp":"2021-03-02T12:53:39.227Z"}
{"message":"fetch data from cache","level":"info","timestamp":"2021-03-02T12:53:47.609Z"}
{"message":"fetch data from cache","level":"info","timestamp":"2021-03-02T12:53:52.326Z"}
{"message":"fetch data from cache","level":"info","timestamp":"2021-03-02T12:55:28.703Z"}
{"message":"fetch data from cache","level":"info","timestamp":"2021-03-02T12:55:53.729Z"}
{"message":"fetch data from cache","level":"info","timestamp":"2021-03-02T12:55:58.500Z"}
{"message":"fetch data from cache","level":"info","timestamp":"2021-03-02T12:56:07.369Z"}
{"message":"fetch data from cache","level":"info","timestamp":"2021-03-02T12:56:25.388Z"}
{"message":"fetch data from cache","level":"info","timestamp":"2021-03-02T12:57:38.276Z"}
{"message":"fetch data from cache","level":"info","timestamp":"2021-03-02T12:57:46.956Z"}
{"message":"fetch data from cache","level":"info","timestamp":"2021-03-02T12:57:50.223Z"}
{"message":"fetch data from cache","level":"info","timestamp":"2021-03-02T12:58:08.905Z"}
{"message":"fetch data from cache","level":"info","timestamp":"2021-03-02T12:58:10.529Z"}
{"message":"fetch data from cache","level":"info","timestamp":"2021-03-02T12:58:25.396Z"}
{"message":"fetch data from cache","level":"info","timestamp":"2021-03-02T12:59:40.445Z"}
{"message":"fetch data from cache","level":"info","timestamp":"2021-03-02T12:59:46.274Z"}
{"message":"fetch data from cache","level":"info","timestamp":"2021-03-02T12:59:47.010Z"}
{"message":"fetch data from cache","level":"info","timestamp":"2021-03-02T12:59:51.853Z"}
{"message":"fetch data from cache","level":"info","timestamp":"2021-03-02T13:00:37.447Z"}
{"message":"fetch data from cache","level":"info","timestamp":"2021-03-02T13:00:58.445Z"}
{"message":"fetch data from cache","level":"info","timestamp":"2021-03-02T13:01:09.976Z"}
{"message":"fetch data from cache","level":"info","timestamp":"2021-03-02T13:01:14.739Z"}
{"message":"fetch data from cache","level":"info","timestamp":"2021-03-02T13:02:11.428Z"}
{"message":"fetch data from cache","level":"info","timestamp":"2021-03-02T13:02:16.444Z"}
{"message":"fetch data from cache","level":"info","timestamp":"2021-03-02T13:02:44.532Z"}
{"message":"fetch data from cache","level":"info","timestamp":"2021-03-02T13:03:36.533Z"}
{"message":"fetch data from cache","level":"info","timestamp":"2021-03-02T13:03:50.523Z"}
{"message":"fetch data from cache","level":"info","timestamp":"2021-03-02T13:04:00.864Z"}
{"message":"fetch data from cache","level":"info","timestamp":"2021-03-02T13:05:11.161Z"}
{"message":"fetch data from cache","level":"info","timestamp":"2021-03-02T13:05:42.460Z"}
{"message":"fetch data from cache","level":"info","timestamp":"2021-03-02T13:05:49.545Z"}
{"message":"fetch data from cache","level":"info","timestamp":"2021-03-02T13:05:58.465Z"}
{"message":"fetch data from cache","level":"info","timestamp":"2021-03-02T13:06:03.437Z"}
{"message":"fetch data from cache","level":"info","timestamp":"2021-03-02T13:06:11.567Z"}
{"message":"fetch data from cache","level":"info","timestamp":"2021-03-02T13:06:16.891Z"}
{"message":"first time load data from database","level":"info","timestamp":"2021-03-02T16:42:22.417Z"}
{"message":"load data from database and update cache","level":"info","timestamp":"2021-03-02T16:42:47.958Z"}
{"message":"load data from database and update cache for filter","level":"info","timestamp":"2021-03-02T16:46:31.651Z"}
{"message":"fetch data from cache","level":"info","timestamp":"2021-03-02T16:47:14.228Z"}
{"message":"fetch data from cache","level":"info","timestamp":"2021-03-02T16:47:20.783Z"}
{"message":"fetch data from cache","level":"info","timestamp":"2021-03-02T16:55:08.223Z"}
{"message":"fetch data from cache","level":"info","timestamp":"2021-03-02T16:55:18.779Z"}
{"message":"fetch data from cache","level":"info","timestamp":"2021-03-02T16:56:32.454Z"}
{"message":"fetch data from cache","level":"info","timestamp":"2021-03-02T17:00:04.886Z"}
{"message":"fetch data from cache","level":"info","timestamp":"2021-03-02T17:02:03.154Z"}
{"message":"fetch data from cache","level":"info","timestamp":"2021-03-02T17:04:42.160Z"}
{"message":"fetch data from cache","level":"info","timestamp":"2021-03-02T17:05:30.793Z"}
{"message":"fetch data from cache","level":"info","timestamp":"2021-03-02T17:06:31.745Z"}
{"message":"fetch data from cache","level":"info","timestamp":"2021-03-02T17:07:10.295Z"}
{"message":"fetch data from cache","level":"info","timestamp":"2021-03-02T17:07:15.695Z"}
{"message":"fetch data from cache","level":"info","timestamp":"2021-03-02T17:08:48.975Z"}
{"message":"fetch data from cache","level":"info","timestamp":"2021-03-02T17:08:54.961Z"}
{"message":"fetch data from cache","level":"info","timestamp":"2021-03-02T17:08:59.053Z"}
{"message":"fetch data from cache","level":"info","timestamp":"2021-03-02T17:10:08.368Z"}
{"message":"fetch data from cache","level":"info","timestamp":"2021-03-02T17:10:13.413Z"}
{"message":"fetch data from cache","level":"info","timestamp":"2021-03-02T17:11:05.287Z"}
{"message":"fetch data from cache","level":"info","timestamp":"2021-03-02T17:12:47.231Z"}
{"message":"fetch data from cache","level":"info","timestamp":"2021-03-02T17:13:30.066Z"}
{"message":"fetch data from cache","level":"info","timestamp":"2021-03-02T17:15:34.390Z"}
{"message":"fetch data from cache","level":"info","timestamp":"2021-03-02T17:15:38.192Z"}
{"message":"fetch data from cache","level":"info","timestamp":"2021-03-02T17:15:41.715Z"}
{"message":"fetch data from cache","level":"info","timestamp":"2021-03-02T17:17:50.074Z"}
{"message":"fetch data from cache","level":"info","timestamp":"2021-03-02T17:17:55.107Z"}
{"message":"fetch data from cache","level":"info","timestamp":"2021-03-02T17:19:43.498Z"}
{"message":"fetch data from cache","level":"info","timestamp":"2021-03-02T17:19:48.510Z"}
{"message":"fetch data from cache","level":"info","timestamp":"2021-03-02T17:20:44.788Z"}
{"message":"fetch data from cache","level":"info","timestamp":"2021-03-02T17:21:14.215Z"}
{"message":"fetch data from cache","level":"info","timestamp":"2021-03-02T17:21:43.430Z"}
{"message":"fetch data from cache","level":"info","timestamp":"2021-03-02T17:22:10.142Z"}
{"message":"fetch data from cache","level":"info","timestamp":"2021-03-02T17:22:31.179Z"}
{"message":"fetch data from cache","level":"info","timestamp":"2021-03-02T17:23:09.149Z"}
{"message":"fetch data from cache","level":"info","timestamp":"2021-03-02T17:24:39.294Z"}
{"message":"fetch data from cache","level":"info","timestamp":"2021-03-02T17:24:43.362Z"}
{"message":"fetch data from cache","level":"info","timestamp":"2021-03-02T17:25:43.177Z"}
{"message":"fetch data from cache","level":"info","timestamp":"2021-03-02T17:25:47.183Z"}
{"message":"fetch data from cache","level":"info","timestamp":"2021-03-02T17:26:30.468Z"}
{"message":"fetch data from cache","level":"info","timestamp":"2021-03-02T17:26:39.831Z"}
{"message":"load data from database and update cache","level":"info","timestamp":"2021-03-02T17:28:55.908Z"}
{"message":"load data from database and update cache","level":"info","timestamp":"2021-03-02T17:29:11.187Z"}
{"message":"load data from database and update cache","level":"info","timestamp":"2021-03-02T17:29:25.103Z"}
{"message":"load data from database and update cache for filter","level":"info","timestamp":"2021-03-02T17:31:00.789Z"}
{"message":"fetch data from cache","level":"info","timestamp":"2021-03-02T17:31:09.689Z"}
{"message":"load data from database and update cache for filter","level":"info","timestamp":"2021-03-02T17:39:57.162Z"}
{"message":"fetch data from cache","level":"info","timestamp":"2021-03-02T17:41:08.616Z"}
